<?xml version="1.0" encoding="UTF-8"?>
<!-- Generated by org.testng.reporters.JUnitReportReporter -->
<testsuite hostname="AGRN34407443A" name="example.NewTest" tests="1" failures="0" timestamp="14 Aug 2019 06:00:42 GMT" time="5.557" errors="0">
  <testcase name="testEasy" time="5.557" classname="example.NewTest"/>
</testsuite> <!-- example.NewTest -->
